app/.build/host/intermediates/manifest_merge_blame_file/debug/manifest-merger-blame-debug-report.txt
1<?xml version="1.0" encoding="utf-8"?>
2<manifest xmlns:android="http://schemas.android.com/apk/res/android"
3    package="com.example.app.host"
4    android:versionCode="1"
5    android:versionName="1.0" >
6
7    <uses-sdk
8        android:minSdkVersion="16"
8-->src\main\AndroidManifest.xml
9        android:targetSdkVersion="30" />
9-->src\main\AndroidManifest.xml
10
11    <!--
12         The INTERNET permission is required for development. Specifically,
13         flutter needs it to communicate with the running application
14         to allow setting breakpoints, to provide hot reload, etc.
15    -->
16    <uses-permission android:name="android.permission.INTERNET" />
16-->src\main\AndroidManifest.xml:9:5-66
16-->src\main\AndroidManifest.xml:9:22-64
17
18    <application
18-->src\main\AndroidManifest.xml:11:5-39:19
19        android:appComponentFactory="androidx.core.app.CoreComponentFactory"
19-->[androidx.core:core:1.1.0] AndroidManifest.xml:24:18-86
20        android:debuggable="true"
21        android:icon="@mipmap/ic_launcher"
21-->src\main\AndroidManifest.xml:13:9-43
22        android:label="app"
22-->src\main\AndroidManifest.xml:12:9-28
23        android:usesCleartextTraffic="true" >
23-->src\main\AndroidManifest.xml:14:9-44
24        <activity
24-->src\main\AndroidManifest.xml:15:9-33:20
25            android:name="com.example.app.host.MainActivity"
25-->src\main\AndroidManifest.xml:16:13-41
26            android:configChanges="orientation|keyboardHidden|keyboard|screenSize|smallestScreenSize|locale|layoutDirection|fontScale|screenLayout|density|uiMode"
26-->src\main\AndroidManifest.xml:19:13-163
27            android:hardwareAccelerated="true"
27-->src\main\AndroidManifest.xml:20:13-47
28            android:launchMode="singleTop"
28-->src\main\AndroidManifest.xml:17:13-43
29            android:theme="@style/LaunchTheme"
29-->src\main\AndroidManifest.xml:18:13-47
30            android:windowSoftInputMode="adjustResize" >
30-->src\main\AndroidManifest.xml:21:13-55
31
32            <!--
33                 This keeps the window background of the activity showing
34                 until Flutter renders its first frame. It can be removed if
35                 there is no splash screen (such as the default splash screen
36                 defined in @style/LaunchTheme).
37            -->
38            <meta-data
38-->src\main\AndroidManifest.xml:26:13-28:40
39                android:name="io.flutter.app.android.SplashScreenUntilFirstFrame"
39-->src\main\AndroidManifest.xml:27:17-82
40                android:value="true" />
40-->src\main\AndroidManifest.xml:28:17-37
41
42            <intent-filter>
42-->src\main\AndroidManifest.xml:29:13-32:29
43                <action android:name="android.intent.action.MAIN" />
43-->src\main\AndroidManifest.xml:30:17-68
43-->src\main\AndroidManifest.xml:30:25-66
44
45                <category android:name="android.intent.category.LAUNCHER" />
45-->src\main\AndroidManifest.xml:31:17-76
45-->src\main\AndroidManifest.xml:31:27-74
46            </intent-filter>
47        </activity>
48        <!--
49             Don't delete the meta-data below.
50             This is used by the Flutter tool to generate GeneratedPluginRegistrant.java
51        -->
52        <meta-data
52-->src\main\AndroidManifest.xml:36:9-38:33
53            android:name="flutterEmbedding"
53-->src\main\AndroidManifest.xml:37:13-44
54            android:value="2" />
54-->src\main\AndroidManifest.xml:38:13-30
55        <meta-data
55-->[:flutter] AndroidManifest.xml:16:9-18:38
56            android:name="flutterProjectType"
56-->[:flutter] AndroidManifest.xml:17:13-46
57            android:value="module" />
57-->[:flutter] AndroidManifest.xml:18:13-35
58    </application>
59
60</manifest>